SF:lib/src/exercises/models/exercise.dart
DA:49,1
DA:62,1
DA:63,1
DA:78,0
DA:81,0
DA:84,0
DA:96,0
DA:97,0
DA:98,0
DA:99,0
DA:100,0
DA:101,0
DA:102,0
DA:103,0
DA:104,0
DA:105,0
DA:106,0
DA:110,0
DA:111,0
DA:112,0
DA:113,0
DA:114,0
DA:115,0
DA:116,0
DA:117,0
DA:118,0
DA:119,0
DA:120,0
DA:121,0
DA:127,0
LF:30
LH:3
end_of_record
SF:lib/src/exercises/models/exercise.g.dart
DA:9,0
DA:10,0
DA:11,0
DA:12,0
DA:13,0
DA:14,0
DA:15,0
DA:16,0
DA:17,0
DA:18,0
DA:19,0
DA:20,0
DA:23,0
DA:24,0
DA:25,0
DA:26,0
DA:27,0
DA:28,0
DA:29,0
DA:30,0
DA:31,0
DA:32,0
DA:33,0
DA:34,0
LF:24
LH:0
end_of_record
SF:lib/src/routines/models/routine.dart
DA:29,1
DA:35,2
DA:36,0
DA:44,0
DA:47,2
DA:51,0
DA:57,0
DA:58,0
DA:59,0
DA:60,0
DA:61,0
DA:65,0
DA:66,0
LF:13
LH:3
end_of_record
SF:lib/src/routines/models/routine.g.dart
DA:9,0
DA:10,0
DA:11,0
DA:12,0
DA:13,0
DA:14,0
DA:15,0
DA:18,2
DA:19,1
DA:20,1
DA:21,1
DA:22,1
LF:12
LH:5
end_of_record
SF:lib/src/routines/routine_repository.dart
DA:9,3
DA:10,2
DA:11,1
DA:19,1
DA:21,3
DA:22,3
DA:23,2
DA:24,1
DA:28,1
DA:30,2
DA:31,2
DA:32,5
DA:33,1
DA:36,0
DA:39,0
DA:42,0
DA:45,0
DA:48,0
DA:51,0
DA:54,0
DA:55,0
DA:56,0
LF:22
LH:13
end_of_record
SF:lib/src/routines/local_storage_routines_api.dart
DA:19,2
DA:20,4
DA:22,0
DA:29,1
DA:31,2
DA:33,2
DA:35,0
DA:38,4
DA:39,1
DA:40,1
DA:41,1
DA:44,2
DA:47,1
DA:49,2
DA:51,2
DA:56,1
DA:58,2
DA:60,3
DA:61,1
DA:66,1
DA:68,3
DA:70,1
DA:71,5
DA:73,1
DA:74,1
DA:76,1
DA:79,3
DA:83,0
DA:84,0
LF:29
LH:25
end_of_record
SF:lib/src/routines/models/exeptions.dart
DA:3,1
DA:11,0
LF:2
LH:1
end_of_record
