SF:lib/src/local_storage_routines_api.dart
DA:14,1
DA:15,3
DA:17,0
DA:29,1
DA:31,2
DA:33,2
DA:34,4
DA:35,1
DA:36,1
DA:39,2
DA:42,1
DA:44,2
DA:46,2
DA:48,1
DA:51,1
DA:53,2
DA:55,3
DA:56,1
DA:58,4
DA:61,1
DA:63,3
DA:65,1
DA:66,5
DA:68,1
DA:69,1
DA:71,1
DA:74,4
LF:27
LH:26
end_of_record
SF:lib/src/models/exeptions.dart
DA:3,1
DA:11,0
LF:2
LH:1
end_of_record
SF:lib/src/models/routine.dart
DA:30,1
DA:36,2
DA:37,0
DA:45,2
DA:48,2
DA:52,1
DA:58,1
DA:59,1
DA:60,0
DA:61,1
DA:62,1
DA:66,1
DA:67,5
LF:13
LH:11
end_of_record
SF:lib/src/models/routine.g.dart
DA:9,2
DA:10,1
DA:11,1
DA:12,1
DA:13,1
DA:14,3
DA:15,1
DA:18,2
DA:19,1
DA:20,1
DA:21,1
DA:22,1
LF:12
LH:12
end_of_record
